<?xml version="1.0" encoding="UTF-8"?>
<!-- Generated by org.testng.reporters.JUnitReportReporter -->
<testsuite hostname="admin1-HP-ProBook-640-G2" failures="0" tests="1" name="com.tcs.runner.TestRunner" time="21.368" errors="0" timestamp="2023-09-26T15:19:44 IST" skipped="0">
  <testcase classname="com.tcs.runner.TestRunner" name="runScenario" time="21.368"/>
  <system-out/>
</testsuite> <!-- com.tcs.runner.TestRunner -->
